<?xml version="1.0" encoding="UTF-8"?>
<testng-results skipped="0" failed="0" ignored="0" total="1" passed="1">
  <reporter-output>
  </reporter-output>
  <suite name="Default suite" duration-ms="38201" started-at="2019-09-13T20:18:55 ICT" finished-at="2019-09-13T20:19:33 ICT">
    <groups>
    </groups>
    <test name="Default test" duration-ms="38201" started-at="2019-09-13T20:18:55 ICT" finished-at="2019-09-13T20:19:33 ICT">
      <class name="demo.DemoHappyCaseTest">
        <test-method status="PASS" signature="initWebDriver()[pri:0, instance:demo.DemoHappyCaseTest@68bbe345]" name="initWebDriver" is-config="true" duration-ms="5260" started-at="2019-09-13T20:18:55 ICT" finished-at="2019-09-13T20:19:00 ICT">
          <reporter-output>
          </reporter-output>
        </test-method> <!-- initWebDriver -->
        <test-method status="PASS" signature="testGoBearHappyCase()[pri:0, instance:demo.DemoHappyCaseTest@68bbe345]" name="testGoBearHappyCase" duration-ms="30842" started-at="2019-09-13T20:19:00 ICT" finished-at="2019-09-13T20:19:31 ICT">
          <reporter-output>
          </reporter-output>
        </test-method> <!-- testGoBearHappyCase -->
        <test-method status="PASS" signature="afterTest()[pri:0, instance:demo.DemoHappyCaseTest@68bbe345]" name="afterTest" is-config="true" duration-ms="2050" started-at="2019-09-13T20:19:31 ICT" finished-at="2019-09-13T20:19:33 ICT">
          <reporter-output>
          </reporter-output>
        </test-method> <!-- afterTest -->
      </class> <!-- demo.DemoHappyCaseTest -->
    </test> <!-- Default test -->
  </suite> <!-- Default suite -->
</testng-results>
